2026-05-30 00:00:43,870 INFO MainThread ok:ok-script init 1.0.3, ['E:\\projects\\ok-script\\ok\\gui\\util\\pyappify_startup.py'], pid=54424 config: {'debug': False, 'use_gui': True, 'gui_title': 'pyappify startup update demo', 'gui_icon': ':/icon/icon.ico', 'version': '1.0.3', 'window_size': {'width': 1000, 'height': 800, 'min_width': 600, 'min_height': 450}, 'onetime_tasks': [], 'trigger_tasks': [], 'config_folder': 'configs'}
2026-05-30 00:00:43,871 INFO MainThread ok:pyappify  app_version:1.0.3, app_profile:None, pyappify_version:None pyappify_upgradeable:False, pyappify_executable:None
2026-05-30 00:00:43,875 INFO MainThread ok:use_dml result is True
2026-05-30 00:00:43,876 INFO MainThread ok:SetProcessDpiAwareness 0
2026-05-30 00:00:43,876 INFO MainThread ok:do_init, config: {'debug': False, 'use_gui': True, 'gui_title': 'pyappify startup update demo', 'gui_icon': ':/icon/icon.ico', 'version': '1.0.3', 'window_size': {'width': 1000, 'height': 800, 'min_width': 600, 'min_height': 450}, 'onetime_tasks': [], 'trigger_tasks': [], 'config_folder': 'configs'}
2026-05-30 00:00:43,876 INFO MainThread DeviceManager:__init__ start
2026-05-30 00:00:43,878 INFO MainThread DeviceManager:__init__ end
2026-05-30 00:00:43,892 INFO MainThread TaskExecutor:install ocr translations error for en_US
2026-05-30 00:00:43,918 INFO MainThread app:No translation available for <PySide6.QtCore.QLocale()/* English, Latin, United States */ at 0x00000150381535C0>, falling back to English/default.
2026-05-30 00:00:43,934 INFO MainThread ok:do_init, end
2026-05-30 00:00:43,934 INFO MainThread ok:OK start id:1443410768672 pid:54424
2026-05-30 00:00:44,012 INFO MainThread MainWindow:main window __init__
2026-05-30 00:00:44,471 ERROR MainThread ok:install translations error for en_US 
2026-05-30 00:00:44,542 INFO MainThread MainWindow:main window __init__ done
2026-05-30 00:00:44,557 INFO MainThread MainWindow:Window has fully displayed {'task': 0, 'exit': False, 'headless': False}
2026-05-30 00:00:44,660 INFO MainThread ok:app.exec()
2026-05-30 00:00:44,804 INFO MainThread MainWindow:show startup version change on about tab update success 1.0.2 -> 1.0.3
2026-05-30 00:00:45,559 INFO global MainWindow:Window geometry updated in ok_config {'window_x': 353, 'window_y': 133, 'window_width': 1000, 'window_height': 800, 'window_maximized': False, 'navigation_expanded': False, 'use_overlay': False, 'show_overlay_logs': True}
2026-05-30 00:00:50,116 INFO MainThread ok:SIGINT received, quitting
2026-05-30 00:00:50,117 INFO MainThread handler:handler stop raised exception global
2026-05-30 00:00:50,118 INFO MainThread handler:handler stop raised exception ok.gui.StartController
2026-05-30 00:00:50,118 INFO MainThread handler:handler stop raised exception StartCard
2026-05-30 00:00:50,118 INFO MainThread handler:handler stop raised exception RefreshAdb
2026-05-30 00:00:50,120 INFO MainThread MainWindow:Window closed exit_event.is_set
2026-05-30 00:00:52,784 INFO MainThread ok:ok-script init 1.0.3, ['E:\\projects\\ok-script\\ok\\gui\\util\\pyappify_startup.py'], pid=38876 config: {'debug': False, 'use_gui': True, 'gui_title': 'pyappify startup update demo', 'gui_icon': ':/icon/icon.ico', 'version': '1.0.3', 'window_size': {'width': 1000, 'height': 800, 'min_width': 600, 'min_height': 450}, 'onetime_tasks': [], 'trigger_tasks': [], 'config_folder': 'configs'}
2026-05-30 00:00:52,785 INFO MainThread ok:pyappify  app_version:1.0.3, app_profile:None, pyappify_version:None pyappify_upgradeable:False, pyappify_executable:None
2026-05-30 00:00:52,789 INFO MainThread ok:use_dml result is True
2026-05-30 00:00:52,790 INFO MainThread ok:SetProcessDpiAwareness 0
2026-05-30 00:00:52,790 INFO MainThread ok:do_init, config: {'debug': False, 'use_gui': True, 'gui_title': 'pyappify startup update demo', 'gui_icon': ':/icon/icon.ico', 'version': '1.0.3', 'window_size': {'width': 1000, 'height': 800, 'min_width': 600, 'min_height': 450}, 'onetime_tasks': [], 'trigger_tasks': [], 'config_folder': 'configs'}
2026-05-30 00:00:52,790 INFO MainThread DeviceManager:__init__ start
2026-05-30 00:00:52,792 INFO MainThread DeviceManager:__init__ end
2026-05-30 00:00:52,806 INFO MainThread TaskExecutor:install ocr translations error for en_US
2026-05-30 00:00:52,834 INFO MainThread app:No translation available for <PySide6.QtCore.QLocale()/* English, Latin, United States */ at 0x0000019CFA6DB300>, falling back to English/default.
2026-05-30 00:00:52,854 INFO MainThread ok:do_init, end
2026-05-30 00:00:52,854 INFO MainThread ok:OK start id:1773089878816 pid:38876
2026-05-30 00:00:52,939 INFO MainThread MainWindow:main window __init__
2026-05-30 00:00:53,678 ERROR MainThread ok:install translations error for en_US 
2026-05-30 00:00:53,752 INFO MainThread MainWindow:main window __init__ done
2026-05-30 00:00:53,772 INFO MainThread MainWindow:Window has fully displayed {'task': 0, 'exit': False, 'headless': False}
2026-05-30 00:00:53,874 INFO MainThread ok:app.exec()
2026-05-30 00:00:54,031 INFO MainThread MainWindow:show startup version change on about tab update success 1.0.2 -> 1.0.3
2026-05-30 00:00:54,772 INFO global MainWindow:Window geometry updated in ok_config {'window_x': 353, 'window_y': 133, 'window_width': 1000, 'window_height': 800, 'window_maximized': False, 'navigation_expanded': False, 'use_overlay': False, 'show_overlay_logs': True}
2026-05-30 00:02:52,492 INFO MainThread MainWindow:Window closed exit_event.is not set False
2026-05-30 00:02:52,493 INFO MainThread handler:handler stop raised exception ok.gui.StartController
2026-05-30 00:02:52,493 INFO MainThread handler:handler stop raised exception global
2026-05-30 00:02:52,493 INFO MainThread handler:handler stop raised exception StartCard
2026-05-30 00:02:52,493 INFO MainThread handler:handler stop raised exception RefreshAdb
2026-05-30 00:02:52,494 INFO MainThread TaskExecutor:Executor destroy
2026-05-30 00:03:03,097 INFO MainThread ok:ok-script init 1.0.3, ['E:\\projects\\ok-script\\ok\\gui\\util\\pyappify_startup.py'], pid=26984 config: {'debug': False, 'use_gui': True, 'gui_title': 'pyappify startup update demo', 'gui_icon': ':/icon/icon.ico', 'version': '1.0.3', 'window_size': {'width': 1000, 'height': 800, 'min_width': 600, 'min_height': 450}, 'onetime_tasks': [], 'trigger_tasks': [], 'config_folder': 'configs'}
2026-05-30 00:03:03,098 INFO MainThread ok:pyappify  app_version:1.0.3, app_profile:None, pyappify_version:None pyappify_upgradeable:False, pyappify_executable:None
2026-05-30 00:03:03,102 INFO MainThread ok:use_dml result is True
2026-05-30 00:03:03,102 INFO MainThread ok:SetProcessDpiAwareness 0
2026-05-30 00:03:03,102 INFO MainThread ok:do_init, config: {'debug': False, 'use_gui': True, 'gui_title': 'pyappify startup update demo', 'gui_icon': ':/icon/icon.ico', 'version': '1.0.3', 'window_size': {'width': 1000, 'height': 800, 'min_width': 600, 'min_height': 450}, 'onetime_tasks': [], 'trigger_tasks': [], 'config_folder': 'configs'}
2026-05-30 00:03:03,102 INFO MainThread DeviceManager:__init__ start
2026-05-30 00:03:03,104 INFO MainThread DeviceManager:__init__ end
2026-05-30 00:03:03,119 INFO MainThread TaskExecutor:install ocr translations error for en_US
2026-05-30 00:03:03,149 INFO MainThread app:No translation available for <PySide6.QtCore.QLocale()/* English, Latin, United States */ at 0x000002348BDC3700>, falling back to English/default.
2026-05-30 00:03:03,166 INFO MainThread ok:do_init, end
2026-05-30 00:03:03,166 INFO MainThread ok:OK start id:2426215953184 pid:26984
2026-05-30 00:03:03,261 INFO MainThread MainWindow:main window __init__
2026-05-30 00:03:03,798 ERROR MainThread ok:install translations error for en_US 
2026-05-30 00:03:03,878 INFO MainThread MainWindow:main window __init__ done
2026-05-30 00:03:03,893 INFO MainThread MainWindow:Window has fully displayed {'task': 0, 'exit': False, 'headless': False}
2026-05-30 00:03:03,981 INFO MainThread ok:app.exec()
2026-05-30 00:03:04,150 INFO MainThread MainWindow:show startup version change on about tab update success 1.0.2 -> 1.0.3
2026-05-30 00:03:04,893 INFO global MainWindow:Window geometry updated in ok_config {'window_x': 353, 'window_y': 133, 'window_width': 1000, 'window_height': 800, 'window_maximized': False, 'navigation_expanded': False, 'use_overlay': False, 'show_overlay_logs': True}
2026-05-30 00:03:09,400 INFO MainThread MainWindow:Window closed exit_event.is not set False
2026-05-30 00:03:09,400 INFO MainThread handler:handler stop raised exception RefreshAdb
2026-05-30 00:03:09,400 INFO MainThread handler:handler stop raised exception ok.gui.StartController
2026-05-30 00:03:09,400 INFO MainThread handler:handler stop raised exception global
2026-05-30 00:03:09,400 INFO MainThread handler:handler stop raised exception StartCard
2026-05-30 00:03:09,400 INFO MainThread TaskExecutor:Executor destroy
2026-05-30 00:04:31,477 INFO MainThread ok:ok-script init 1.0.3, ['E:\\projects\\ok-script\\ok\\gui\\util\\pyappify_startup.py'], pid=38900 config: {'debug': False, 'use_gui': True, 'gui_title': 'pyappify startup update demo', 'gui_icon': ':/icon/icon.ico', 'version': '1.0.3', 'window_size': {'width': 1000, 'height': 800, 'min_width': 600, 'min_height': 450}, 'onetime_tasks': [], 'trigger_tasks': [], 'config_folder': 'configs'}
2026-05-30 00:04:31,479 INFO MainThread ok:pyappify  app_version:1.0.3, app_profile:None, pyappify_version:None pyappify_upgradeable:False, pyappify_executable:None
2026-05-30 00:04:31,484 INFO MainThread ok:use_dml result is True
2026-05-30 00:04:31,484 INFO MainThread ok:SetProcessDpiAwareness 0
2026-05-30 00:04:31,485 INFO MainThread ok:do_init, config: {'debug': False, 'use_gui': True, 'gui_title': 'pyappify startup update demo', 'gui_icon': ':/icon/icon.ico', 'version': '1.0.3', 'window_size': {'width': 1000, 'height': 800, 'min_width': 600, 'min_height': 450}, 'onetime_tasks': [], 'trigger_tasks': [], 'config_folder': 'configs'}
2026-05-30 00:04:31,485 INFO MainThread DeviceManager:__init__ start
2026-05-30 00:04:31,486 INFO MainThread DeviceManager:__init__ end
2026-05-30 00:04:31,502 INFO MainThread TaskExecutor:install ocr translations error for en_US
2026-05-30 00:04:31,531 INFO MainThread app:No translation available for <PySide6.QtCore.QLocale()/* English, Latin, United States */ at 0x000001555FB63A80>, falling back to English/default.
2026-05-30 00:04:31,548 INFO MainThread ok:do_init, end
2026-05-30 00:04:31,548 INFO MainThread ok:OK start id:1465553821648 pid:38900
2026-05-30 00:04:31,630 INFO MainThread MainWindow:main window __init__
2026-05-30 00:04:32,194 ERROR MainThread ok:install translations error for en_US 
2026-05-30 00:04:32,261 INFO MainThread MainWindow:main window __init__ done
2026-05-30 00:04:32,277 INFO MainThread MainWindow:Window has fully displayed {'task': 0, 'exit': False, 'headless': False}
2026-05-30 00:04:32,374 INFO MainThread ok:app.exec()
2026-05-30 00:04:32,525 INFO MainThread MainWindow:show startup version change on about tab update success 1.0.2 -> 1.0.3
2026-05-30 00:04:33,276 INFO global MainWindow:Window geometry updated in ok_config {'window_x': 353, 'window_y': 133, 'window_width': 1000, 'window_height': 800, 'window_maximized': False, 'navigation_expanded': False, 'use_overlay': False, 'show_overlay_logs': True}
2026-05-30 00:04:34,172 INFO MainThread MainWindow:Window closed exit_event.is not set False
2026-05-30 00:04:34,172 INFO MainThread handler:handler stop raised exception global
2026-05-30 00:04:34,173 INFO MainThread handler:handler stop raised exception ok.gui.StartController
2026-05-30 00:04:34,173 INFO MainThread handler:handler stop raised exception RefreshAdb
2026-05-30 00:04:34,173 INFO MainThread handler:handler stop raised exception StartCard
2026-05-30 00:04:34,173 INFO MainThread TaskExecutor:Executor destroy
2026-05-30 10:56:32,827 INFO MainThread ok:ok-script init 1.0.3, ['E:\\projects\\ok-script\\ok\\gui\\util\\pyappify_startup.py'], pid=7472 config: {'debug': False, 'use_gui': True, 'gui_title': 'pyappify startup update demo', 'gui_icon': ':/icon/icon.ico', 'version': '1.0.3', 'window_size': {'width': 1000, 'height': 800, 'min_width': 600, 'min_height': 450}, 'onetime_tasks': [], 'trigger_tasks': [], 'config_folder': 'configs'}
2026-05-30 10:56:32,828 INFO MainThread ok:env ALLUSERSPROFILE=C:\ProgramData
2026-05-30 10:56:32,828 INFO MainThread ok:env APPDATA=C:\Users\ok\AppData\Roaming
2026-05-30 10:56:32,828 INFO MainThread ok:env COMMONPROGRAMFILES=C:\Program Files\Common Files
2026-05-30 10:56:32,828 INFO MainThread ok:env COMMONPROGRAMFILES(X86)=C:\Program Files (x86)\Common Files
2026-05-30 10:56:32,828 INFO MainThread ok:env COMMONPROGRAMW6432=C:\Program Files\Common Files
2026-05-30 10:56:32,829 INFO MainThread ok:env COMPUTERNAME=XDASUS
2026-05-30 10:56:32,829 INFO MainThread ok:env COMSPEC=C:\Windows\system32\cmd.exe
2026-05-30 10:56:32,829 INFO MainThread ok:env DRIVERDATA=C:\Windows\System32\Drivers\DriverData
2026-05-30 10:56:32,829 INFO MainThread ok:env GITHUB_TOKEN=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
2026-05-30 10:56:32,829 INFO MainThread ok:env HOMEDRIVE=C:
2026-05-30 10:56:32,829 INFO MainThread ok:env HOMEPATH=\Users\ok
2026-05-30 10:56:32,829 INFO MainThread ok:env LEVEL_ZERO_V1_SDK_PATH=C:\Program Files\LevelZeroSDK\1.28.2\
2026-05-30 10:56:32,829 INFO MainThread ok:env LOCALAPPDATA=C:\Users\ok\AppData\Local
2026-05-30 10:56:32,829 INFO MainThread ok:env LOGONSERVER=\\XDASUS
2026-05-30 10:56:32,829 INFO MainThread ok:env NUMBER_OF_PROCESSORS=16
2026-05-30 10:56:32,829 INFO MainThread ok:env NVM_HOME=C:\Users\ok\AppData\Local\nvm
2026-05-30 10:56:32,829 INFO MainThread ok:env NVM_SYMLINK=C:\nvm4w\nodejs
2026-05-30 10:56:32,829 INFO MainThread ok:env ONEDRIVE=C:\Users\ok\OneDrive
2026-05-30 10:56:32,829 INFO MainThread ok:env ONEDRIVECONSUMER=C:\Users\ok\OneDrive
2026-05-30 10:56:32,829 INFO MainThread ok:env OS=Windows_NT
2026-05-30 10:56:32,829 INFO MainThread ok:env PATH=E:\projects\ok-script\.venv\Lib\site-packages\cv2\../../x64/vc17/bin;E:\projects\ok-script\.venv\Lib\site-packages\PySide6;E:\projects\ok-script\.venv\Scripts;C:\Windows\system32;C:\Windows;C:\Windows\System32\Wbem;C:\Windows\System32\WindowsPowerShell\v1.0\;C:\Windows\System32\OpenSSH\;C:\Program Files\dotnet\;C:\Program Files\PowerToys\DSCModules\;E:\Python312;E:\Python312\Scripts;C:\Program Files\Git\cmd;C:\Program Files\NVIDIA Corporation\NVIDIA App\NvDLISR;C:\Program Files (x86)\NVIDIA Corporation\PhysX\Common;C:\Program Files\Git\usr\bin;C:\Users\ok\AppData\Local\nvm;C:\nvm4w\nodejs;C:\Users\ok\AppData\Local\nvm;C:\Users\ok\.cargo\bin;C:\Users\ok\AppData\Local\Microsoft\WindowsApps;C:\Users\ok\AppData\Local\GitHubDesktop\bin;C:\Users\ok\AppData\Local\Programs\Antigravity\bin
2026-05-30 10:56:32,829 INFO MainThread ok:env PATHEXT=.COM;.EXE;.BAT;.CMD;.VBS;.VBE;.JS;.JSE;.WSF;.WSH;.MSC
2026-05-30 10:56:32,829 INFO MainThread ok:env PROCESSOR_ARCHITECTURE=AMD64
2026-05-30 10:56:32,829 INFO MainThread ok:env PROCESSOR_IDENTIFIER=Intel64 Family 6 Model 204 Stepping 2, GenuineIntel
2026-05-30 10:56:32,829 INFO MainThread ok:env PROCESSOR_LEVEL=6
2026-05-30 10:56:32,829 INFO MainThread ok:env PROCESSOR_REVISION=cc02
2026-05-30 10:56:32,829 INFO MainThread ok:env PROGRAMDATA=C:\ProgramData
2026-05-30 10:56:32,829 INFO MainThread ok:env PROGRAMFILES=C:\Program Files
2026-05-30 10:56:32,829 INFO MainThread ok:env PROGRAMFILES(X86)=C:\Program Files (x86)
2026-05-30 10:56:32,829 INFO MainThread ok:env PROGRAMW6432=C:\Program Files
2026-05-30 10:56:32,829 INFO MainThread ok:env PROMPT=(.venv) $P$G
2026-05-30 10:56:32,829 INFO MainThread ok:env PSMODULEPATH=C:\Program Files\WindowsPowerShell\Modules;C:\Windows\system32\WindowsPowerShell\v1.0\Modules
2026-05-30 10:56:32,829 INFO MainThread ok:env PUBLIC=C:\Users\Public
2026-05-30 10:56:32,829 INFO MainThread ok:env PYAPPIFY_APP_STARTING_VERSION=1.0.2
2026-05-30 10:56:32,829 INFO MainThread ok:env PYAPPIFY_APP_VERSION=1.0.3
2026-05-30 10:56:32,829 INFO MainThread ok:env PYAPPIFY_UPDATE_NOTE=["Updated successfully through pyappify.", "This dialog is shown because pyappify detected an app version change.", "This dialog is shown because pyappify detected an app version change. \u6c49\u5b57", "This dialog is shown because pyappify detected an app version change. \u6c49\u5b57", "This dialog is shown because pyappify detected an app version change.", "This dialog is shown because pyappify detected an app version change. \u6c49\u5b57", "This dialog is shown because pyappify detected an app version change. \u6c49\u5b57", "This dialog is shown because pyappify detected an app version change.", "This dialog is shown because pyappify detected an app version change. \u6c49\u5b57", "This dialog is shown because pyappify detected an app version change. \u6c49\u5b57", "This dialog is shown because pyappify detected an app version change.", "This dialog is shown because pyappify detected an app version change. \u6c49\u5b57", "This dialog is shown because pyappify detected an app version change. \u6c49\u5b57", "This dialog is shown because pyappify detected an app version change. \u6c49\u5b57This dialog is shown because pyappify detected an app version change. \u6c49\u5b57This dialog is shown because pyappify detected an app version change. \u6c49\u5b57This dialog is shown because pyappify detected an app version change. \u6c49\u5b57This dialog is shown because pyappify detected an app version change. \u6c49\u5b57"]
2026-05-30 10:56:32,830 INFO MainThread ok:env PYCHARM_HOSTED=1
2026-05-30 10:56:32,830 INFO MainThread ok:env PYSIDE6_OPTION_PYTHON_ENUM=True
2026-05-30 10:56:32,830 INFO MainThread ok:env PYTHONIOENCODING=utf-8
2026-05-30 10:56:32,830 INFO MainThread ok:env PYTHONPATH=E:\projects\ok-script
2026-05-30 10:56:32,830 INFO MainThread ok:env PYTHONUNBUFFERED=1
2026-05-30 10:56:32,830 INFO MainThread ok:env SYSTEMDRIVE=C:
2026-05-30 10:56:32,830 INFO MainThread ok:env SYSTEMROOT=C:\Windows
2026-05-30 10:56:32,830 INFO MainThread ok:env TEMP=C:\Users\ok\AppData\Local\Temp
2026-05-30 10:56:32,830 INFO MainThread ok:env TMP=C:\Users\ok\AppData\Local\Temp
2026-05-30 10:56:32,830 INFO MainThread ok:env USERDOMAIN=XDASUS
2026-05-30 10:56:32,830 INFO MainThread ok:env USERDOMAIN_ROAMINGPROFILE=XDASUS
2026-05-30 10:56:32,830 INFO MainThread ok:env USERNAME=ok
2026-05-30 10:56:32,831 INFO MainThread ok:env USERPROFILE=C:\Users\ok
2026-05-30 10:56:32,831 INFO MainThread ok:env VIRTUAL_ENV=E:\projects\ok-script\.venv
2026-05-30 10:56:32,831 INFO MainThread ok:env WINDIR=C:\Windows
2026-05-30 10:56:32,831 INFO MainThread ok:env _OLD_VIRTUAL_PATH=C:\Windows\system32;C:\Windows;C:\Windows\System32\Wbem;C:\Windows\System32\WindowsPowerShell\v1.0\;C:\Windows\System32\OpenSSH\;C:\Program Files\dotnet\;C:\Program Files\PowerToys\DSCModules\;E:\Python312;E:\Python312\Scripts;C:\Program Files\Git\cmd;C:\Program Files\NVIDIA Corporation\NVIDIA App\NvDLISR;C:\Program Files (x86)\NVIDIA Corporation\PhysX\Common;C:\Program Files\Git\usr\bin;C:\Users\ok\AppData\Local\nvm;C:\nvm4w\nodejs;C:\Users\ok\AppData\Local\nvm;C:\Users\ok\.cargo\bin;C:\Users\ok\AppData\Local\Microsoft\WindowsApps;C:\Users\ok\AppData\Local\GitHubDesktop\bin;C:\Users\ok\AppData\Local\Programs\Antigravity\bin
2026-05-30 10:56:32,831 INFO MainThread ok:env _OLD_VIRTUAL_PROMPT=$P$G
2026-05-30 10:56:32,831 INFO MainThread ok:pyappify  app_version:1.0.3, app_profile:None, pyappify_version:None pyappify_upgradeable:False, pyappify_executable:None
2026-05-30 10:56:32,833 INFO MainThread ok:use_dml result is True
2026-05-30 10:56:32,834 INFO MainThread ok:SetProcessDpiAwareness 0
2026-05-30 10:56:32,834 INFO MainThread ok:do_init, config: {'debug': False, 'use_gui': True, 'gui_title': 'pyappify startup update demo', 'gui_icon': ':/icon/icon.ico', 'version': '1.0.3', 'window_size': {'width': 1000, 'height': 800, 'min_width': 600, 'min_height': 450}, 'onetime_tasks': [], 'trigger_tasks': [], 'config_folder': 'configs'}
2026-05-30 10:56:32,834 INFO MainThread DeviceManager:__init__ start
2026-05-30 10:56:32,836 INFO MainThread DeviceManager:__init__ end
2026-05-30 10:56:32,867 INFO MainThread TaskExecutor:install ocr translations error for en_US
2026-05-30 10:56:32,895 INFO MainThread app:No translation available for <PySide6.QtCore.QLocale()/* English, Latin, United States */ at 0x000001FAA893C800>, falling back to English/default.
2026-05-30 10:56:32,928 INFO MainThread ok:do_init, end
2026-05-30 10:56:32,928 INFO MainThread ok:OK start id:2175437996000 pid:7472
2026-05-30 10:56:33,016 INFO MainThread MainWindow:main window __init__
2026-05-30 10:56:33,440 INFO MainThread pyappify_startup:get_startup_version_change from_version=1.0.2, to_version=1.0.3, is_updated=True, is_downgraded=False
2026-05-30 10:56:33,506 ERROR MainThread ok:install translations error for en_US 
2026-05-30 10:56:33,573 INFO MainThread MainWindow:main window __init__ done
2026-05-30 10:56:33,586 INFO MainThread MainWindow:Window has fully displayed {'task': 0, 'exit': False, 'headless': False}
2026-05-30 10:56:33,586 INFO MainThread pyappify_startup:get_startup_version_change from_version=1.0.2, to_version=1.0.3, is_updated=True, is_downgraded=False
2026-05-30 10:56:33,715 INFO MainThread ok:app.exec()
2026-05-30 10:56:33,834 INFO MainThread pyappify_startup:get_startup_version_change from_version=1.0.2, to_version=1.0.3, is_updated=True, is_downgraded=False
2026-05-30 10:56:33,834 INFO MainThread MainWindow:show startup version change on about tab update success 1.0.2 -> 1.0.3
2026-05-30 10:56:34,597 INFO global MainWindow:Window geometry updated in ok_config {'window_x': 353, 'window_y': 133, 'window_width': 1000, 'window_height': 800, 'window_maximized': False, 'navigation_expanded': False, 'use_overlay': False, 'show_overlay_logs': True}
2026-05-30 10:56:35,348 INFO MainThread MainWindow:Window closed exit_event.is not set False
2026-05-30 10:56:35,348 INFO MainThread handler:handler stop raised exception StartCard
2026-05-30 10:56:35,348 INFO MainThread handler:handler stop raised exception ok.gui.StartController
2026-05-30 10:56:35,348 INFO MainThread handler:handler stop raised exception global
2026-05-30 10:56:35,348 INFO MainThread handler:handler stop raised exception RefreshAdb
2026-05-30 10:56:35,349 INFO MainThread TaskExecutor:Executor destroy
2026-05-30 10:57:58,825 INFO MainThread ok:ok-script init 1.0.3, ['E:\\projects\\ok-wuthering-waves\\ok\\gui\\util\\pyappify_startup.py'], pid=57224 config: {'debug': False, 'use_gui': True, 'gui_title': 'pyappify startup update demo', 'gui_icon': ':/icon/icon.ico', 'version': '1.0.3', 'window_size': {'width': 1000, 'height': 800, 'min_width': 600, 'min_height': 450}, 'onetime_tasks': [], 'trigger_tasks': [], 'config_folder': 'configs'}
2026-05-30 10:57:58,832 INFO MainThread ok:env ALLUSERSPROFILE=C:\ProgramData
2026-05-30 10:57:58,832 INFO MainThread ok:env APPDATA=C:\Users\ok\AppData\Roaming
2026-05-30 10:57:58,832 INFO MainThread ok:env COMMONPROGRAMFILES=C:\Program Files\Common Files
2026-05-30 10:57:58,832 INFO MainThread ok:env COMMONPROGRAMFILES(X86)=C:\Program Files (x86)\Common Files
2026-05-30 10:57:58,832 INFO MainThread ok:env COMMONPROGRAMW6432=C:\Program Files\Common Files
2026-05-30 10:57:58,832 INFO MainThread ok:env COMPUTERNAME=XDASUS
2026-05-30 10:57:58,832 INFO MainThread ok:env COMSPEC=C:\Windows\system32\cmd.exe
2026-05-30 10:57:58,832 INFO MainThread ok:env DRIVERDATA=C:\Windows\System32\Drivers\DriverData
2026-05-30 10:57:58,832 INFO MainThread ok:env GITHUB_TOKEN=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
2026-05-30 10:57:58,832 INFO MainThread ok:env HOMEDRIVE=C:
2026-05-30 10:57:58,832 INFO MainThread ok:env HOMEPATH=\Users\ok
2026-05-30 10:57:58,832 INFO MainThread ok:env LEVEL_ZERO_V1_SDK_PATH=C:\Program Files\LevelZeroSDK\1.28.2\
2026-05-30 10:57:58,832 INFO MainThread ok:env LOCALAPPDATA=C:\Users\ok\AppData\Local
2026-05-30 10:57:58,832 INFO MainThread ok:env LOGONSERVER=\\XDASUS
2026-05-30 10:57:58,832 INFO MainThread ok:env NUMBER_OF_PROCESSORS=16
2026-05-30 10:57:58,832 INFO MainThread ok:env NVM_HOME=C:\Users\ok\AppData\Local\nvm
2026-05-30 10:57:58,832 INFO MainThread ok:env NVM_SYMLINK=C:\nvm4w\nodejs
2026-05-30 10:57:58,832 INFO MainThread ok:env ONEDRIVE=C:\Users\ok\OneDrive
2026-05-30 10:57:58,832 INFO MainThread ok:env ONEDRIVECONSUMER=C:\Users\ok\OneDrive
2026-05-30 10:57:58,832 INFO MainThread ok:env OS=Windows_NT
2026-05-30 10:57:58,832 INFO MainThread ok:env PATH=E:\projects\ok-wuthering-waves\.venv\Lib\site-packages\cv2\../../x64/vc17/bin;E:\projects\ok-wuthering-waves\.venv\Lib\site-packages\PySide6;E:\projects\ok-wuthering-waves\.venv\Scripts;C:\Windows\system32;C:\Windows;C:\Windows\System32\Wbem;C:\Windows\System32\WindowsPowerShell\v1.0\;C:\Windows\System32\OpenSSH\;C:\Program Files\dotnet\;C:\Program Files\PowerToys\DSCModules\;E:\Python312;E:\Python312\Scripts;C:\Program Files\Git\cmd;C:\Program Files\NVIDIA Corporation\NVIDIA App\NvDLISR;C:\Program Files (x86)\NVIDIA Corporation\PhysX\Common;C:\Program Files\Git\usr\bin;C:\Users\ok\AppData\Local\nvm;C:\nvm4w\nodejs;C:\Users\ok\AppData\Local\nvm;C:\Users\ok\.cargo\bin;C:\Users\ok\AppData\Local\Microsoft\WindowsApps;C:\Users\ok\AppData\Local\GitHubDesktop\bin;C:\Users\ok\AppData\Local\Programs\Antigravity\bin
2026-05-30 10:57:58,832 INFO MainThread ok:env PATHEXT=.COM;.EXE;.BAT;.CMD;.VBS;.VBE;.JS;.JSE;.WSF;.WSH;.MSC
2026-05-30 10:57:58,832 INFO MainThread ok:env PROCESSOR_ARCHITECTURE=AMD64
2026-05-30 10:57:58,832 INFO MainThread ok:env PROCESSOR_IDENTIFIER=Intel64 Family 6 Model 204 Stepping 2, GenuineIntel
2026-05-30 10:57:58,832 INFO MainThread ok:env PROCESSOR_LEVEL=6
2026-05-30 10:57:58,832 INFO MainThread ok:env PROCESSOR_REVISION=cc02
2026-05-30 10:57:58,833 INFO MainThread ok:env PROGRAMDATA=C:\ProgramData
2026-05-30 10:57:58,833 INFO MainThread ok:env PROGRAMFILES=C:\Program Files
2026-05-30 10:57:58,833 INFO MainThread ok:env PROGRAMFILES(X86)=C:\Program Files (x86)
2026-05-30 10:57:58,833 INFO MainThread ok:env PROGRAMW6432=C:\Program Files
2026-05-30 10:57:58,833 INFO MainThread ok:env PROMPT=(.venv) $P$G
2026-05-30 10:57:58,833 INFO MainThread ok:env PSMODULEPATH=C:\Program Files\WindowsPowerShell\Modules;C:\Windows\system32\WindowsPowerShell\v1.0\Modules
2026-05-30 10:57:58,833 INFO MainThread ok:env PUBLIC=C:\Users\Public
2026-05-30 10:57:58,833 INFO MainThread ok:env PYAPPIFY_APP_STARTING_VERSION=1.0.2
2026-05-30 10:57:58,833 INFO MainThread ok:env PYAPPIFY_APP_VERSION=1.0.3
2026-05-30 10:57:58,833 INFO MainThread ok:env PYAPPIFY_UPDATE_NOTE=["Updated successfully through pyappify.", "This dialog is shown because pyappify detected an app version change.", "This dialog is shown because pyappify detected an app version change. \u6c49\u5b57", "This dialog is shown because pyappify detected an app version change. \u6c49\u5b57", "This dialog is shown because pyappify detected an app version change.", "This dialog is shown because pyappify detected an app version change. \u6c49\u5b57", "This dialog is shown because pyappify detected an app version change. \u6c49\u5b57", "This dialog is shown because pyappify detected an app version change.", "This dialog is shown because pyappify detected an app version change. \u6c49\u5b57", "This dialog is shown because pyappify detected an app version change. \u6c49\u5b57", "This dialog is shown because pyappify detected an app version change.", "This dialog is shown because pyappify detected an app version change. \u6c49\u5b57", "This dialog is shown because pyappify detected an app version change. \u6c49\u5b57", "This dialog is shown because pyappify detected an app version change. \u6c49\u5b57This dialog is shown because pyappify detected an app version change. \u6c49\u5b57This dialog is shown because pyappify detected an app version change. \u6c49\u5b57This dialog is shown because pyappify detected an app version change. \u6c49\u5b57This dialog is shown because pyappify detected an app version change. \u6c49\u5b57"]
2026-05-30 10:57:58,837 INFO MainThread ok:env PYCHARM_HOSTED=1
2026-05-30 10:57:58,837 INFO MainThread ok:env PYSIDE6_OPTION_PYTHON_ENUM=True
2026-05-30 10:57:58,837 INFO MainThread ok:env PYTHONIOENCODING=utf-8
2026-05-30 10:57:58,837 INFO MainThread ok:env PYTHONPATH=E:\projects\ok-wuthering-waves
2026-05-30 10:57:58,837 INFO MainThread ok:env PYTHONUNBUFFERED=1
2026-05-30 10:57:58,837 INFO MainThread ok:env SYSTEMDRIVE=C:
2026-05-30 10:57:58,837 INFO MainThread ok:env SYSTEMROOT=C:\Windows
2026-05-30 10:57:58,837 INFO MainThread ok:env TEMP=C:\Users\ok\AppData\Local\Temp
2026-05-30 10:57:58,837 INFO MainThread ok:env TMP=C:\Users\ok\AppData\Local\Temp
2026-05-30 10:57:58,837 INFO MainThread ok:env USERDOMAIN=XDASUS
2026-05-30 10:57:58,837 INFO MainThread ok:env USERDOMAIN_ROAMINGPROFILE=XDASUS
2026-05-30 10:57:58,837 INFO MainThread ok:env USERNAME=ok
2026-05-30 10:57:58,837 INFO MainThread ok:env USERPROFILE=C:\Users\ok
2026-05-30 10:57:58,837 INFO MainThread ok:env VIRTUAL_ENV=E:\projects\ok-wuthering-waves\.venv
2026-05-30 10:57:58,837 INFO MainThread ok:env WINDIR=C:\Windows
2026-05-30 10:57:58,838 INFO MainThread ok:env _OLD_VIRTUAL_PATH=C:\Windows\system32;C:\Windows;C:\Windows\System32\Wbem;C:\Windows\System32\WindowsPowerShell\v1.0\;C:\Windows\System32\OpenSSH\;C:\Program Files\dotnet\;C:\Program Files\PowerToys\DSCModules\;E:\Python312;E:\Python312\Scripts;C:\Program Files\Git\cmd;C:\Program Files\NVIDIA Corporation\NVIDIA App\NvDLISR;C:\Program Files (x86)\NVIDIA Corporation\PhysX\Common;C:\Program Files\Git\usr\bin;C:\Users\ok\AppData\Local\nvm;C:\nvm4w\nodejs;C:\Users\ok\AppData\Local\nvm;C:\Users\ok\.cargo\bin;C:\Users\ok\AppData\Local\Microsoft\WindowsApps;C:\Users\ok\AppData\Local\GitHubDesktop\bin;C:\Users\ok\AppData\Local\Programs\Antigravity\bin
2026-05-30 10:57:58,838 INFO MainThread ok:env _OLD_VIRTUAL_PROMPT=$P$G
2026-05-30 10:57:58,838 INFO MainThread ok:pyappify  app_version:1.0.3, app_profile:None, pyappify_version:None pyappify_upgradeable:False, pyappify_executable:None
2026-05-30 10:57:58,842 INFO MainThread ok:use_dml result is True
2026-05-30 10:57:58,843 INFO MainThread ok:SetProcessDpiAwareness 0
2026-05-30 10:57:58,843 INFO MainThread ok:do_init, config: {'debug': False, 'use_gui': True, 'gui_title': 'pyappify startup update demo', 'gui_icon': ':/icon/icon.ico', 'version': '1.0.3', 'window_size': {'width': 1000, 'height': 800, 'min_width': 600, 'min_height': 450}, 'onetime_tasks': [], 'trigger_tasks': [], 'config_folder': 'configs'}
2026-05-30 10:57:58,843 INFO MainThread DeviceManager:__init__ start
2026-05-30 10:57:58,847 INFO MainThread DeviceManager:__init__ end
2026-05-30 10:57:58,868 INFO MainThread TaskExecutor:install ocr translations error for en_US
2026-05-30 10:57:58,912 INFO MainThread app:No translation available for <PySide6.QtCore.QLocale()/* English, Latin, United States */ at 0x0000028462589480>, falling back to English/default.
2026-05-30 10:57:58,941 INFO MainThread ok:do_init, end
2026-05-30 10:57:58,941 INFO MainThread ok:OK start id:2767022235360 pid:57224
2026-05-30 10:57:59,027 INFO MainThread MainWindow:main window __init__
2026-05-30 10:57:59,429 INFO MainThread pyappify_startup:get_startup_version_change from_version=1.0.2, to_version=1.0.3, is_updated=True, is_downgraded=False
2026-05-30 10:57:59,486 ERROR MainThread ok:install translations error for en_US 
2026-05-30 10:57:59,539 INFO MainThread MainWindow:main window __init__ done
2026-05-30 10:57:59,553 INFO MainThread MainWindow:Window has fully displayed {'task': 0, 'exit': False, 'headless': False}
2026-05-30 10:57:59,553 INFO MainThread pyappify_startup:get_startup_version_change from_version=1.0.2, to_version=1.0.3, is_updated=True, is_downgraded=False
2026-05-30 10:57:59,650 INFO MainThread ok:app.exec()
2026-05-30 10:57:59,799 INFO MainThread pyappify_startup:get_startup_version_change from_version=1.0.2, to_version=1.0.3, is_updated=True, is_downgraded=False
2026-05-30 10:57:59,799 INFO MainThread MainWindow:show startup version change on about tab update success 1.0.2 -> 1.0.3
2026-05-30 10:58:00,550 INFO global MainWindow:Window geometry updated in ok_config {'window_x': 353, 'window_y': 133, 'window_width': 1000, 'window_height': 800, 'window_maximized': False, 'navigation_expanded': False, 'use_overlay': False, 'show_overlay_logs': True}
2026-05-30 10:58:01,104 INFO MainThread MainWindow:Window closed exit_event.is not set False
2026-05-30 10:58:01,104 INFO MainThread handler:handler stop raised exception global
2026-05-30 10:58:01,104 INFO MainThread handler:handler stop raised exception RefreshAdb
2026-05-30 10:58:01,104 INFO MainThread handler:handler stop raised exception StartCard
2026-05-30 10:58:01,104 INFO MainThread handler:handler stop raised exception ok.gui.StartController
2026-05-30 10:58:01,104 INFO MainThread TaskExecutor:Executor destroy
